# JRE version: OpenJDK Runtime Environment (7.0_55-b14) (build 1.7.0_55-b14)
# Java VM: OpenJDK 64-Bit Server VM (24.51-b03 mixed mode linux-amd64 compressed oops)
Heap
 PSYoungGen      total 191488K, used 50644K [0x00000000e0000000, 0x00000000f2c80000, 0x0000000100000000)
  eden space 185856K, 24% used [0x00000000e0000000,0x00000000e2c2cff8,0x00000000eb580000)
  from space 5632K, 96% used [0x00000000ebb00000,0x00000000ec0480d8,0x00000000ec080000)
  to   space 60928K, 0% used [0x00000000ef100000,0x00000000ef100000,0x00000000f2c80000)
 ParOldGen       total 349696K, used 81889K [0x00000000a0000000, 0x00000000b5580000, 0x00000000e0000000)
  object space 349696K, 23% used [0x00000000a0000000,0x00000000a4ff8740,0x00000000b5580000)
 PSPermGen       total 114176K, used 114096K [0x0000000080000000, 0x0000000086f80000, 0x00000000a0000000)
  object space 114176K, 99% used [0x0000000080000000,0x0000000086f6c0a0,0x0000000086f80000)
GC Heap History (10 events):
Event: 2006.481 GC heap before
{Heap before GC invocations=13 (full 0):
 PSYoungGen      total 267776K, used 252729K [0x00000000e0000000, 0x00000000f4880000, 0x0000000100000000)
  eden space 215552K, 100% used [0x00000000e0000000,0x00000000ed280000,0x00000000ed280000)
  from space 52224K, 71% used [0x00000000f1580000,0x00000000f39ce7d8,0x00000000f4880000)
  to   space 60416K, 0% used [0x00000000ed280000,0x00000000ed280000,0x00000000f0d80000)
 ParOldGen       total 349696K, used 67081K [0x00000000a0000000, 0x00000000b5580000, 0x00000000e0000000)
  object space 349696K, 19% used [0x00000000a0000000,0x00000000a41827d8,0x00000000b5580000)
 PSPermGen       total 108032K, used 107536K [0x0000000080000000, 0x0000000086980000, 0x00000000a0000000)
  object space 108032K, 99% used [0x0000000080000000,0x00000000869042f0,0x0000000086980000)
Event: 2006.499 GC heap after
Heap after GC invocations=13 (full 0):
 PSYoungGen      total 217600K, used 8583K [0x00000000e0000000, 0x00000000f4500000, 0x0000000100000000)
  eden space 208896K, 0% used [0x00000000e0000000,0x00000000e0000000,0x00000000ecc00000)
  from space 8704K, 98% used [0x00000000ed280000,0x00000000edae1ed8,0x00000000edb00000)
  to   space 61952K, 0% used [0x00000000f0880000,0x00000000f0880000,0x00000000f4500000)
 ParOldGen       total 349696K, used 67780K [0x00000000a0000000, 0x00000000b5580000, 0x00000000e0000000)
  object space 349696K, 19% used [0x00000000a0000000,0x00000000a4231018,0x00000000b5580000)
 PSPermGen       total 108032K, used 107536K [0x0000000080000000, 0x0000000086980000, 0x00000000a0000000)
  object space 108032K, 99% used [0x0000000080000000,0x00000000869042f0,0x0000000086980000)
}
Event: 46646.026 GC heap before
{Heap before GC invocations=14 (full 0):
 PSYoungGen      total 217600K, used 217479K [0x00000000e0000000, 0x00000000f4500000, 0x0000000100000000)
  eden space 208896K, 100% used [0x00000000e0000000,0x00000000ecc00000,0x00000000ecc00000)
  from space 8704K, 98% used [0x00000000ed280000,0x00000000edae1ed8,0x00000000edb00000)
  to   space 61952K, 0% used [0x00000000f0880000,0x00000000f0880000,0x00000000f4500000)
 ParOldGen       total 349696K, used 67780K [0x00000000a0000000, 0x00000000b5580000, 0x00000000e0000000)
  object space 349696K, 19% used [0x00000000a0000000,0x00000000a4231018,0x00000000b5580000)
 PSPermGen       total 108544K, used 108108K [0x0000000080000000, 0x0000000086a00000, 0x00000000a0000000)
  object space 108544K, 99% used [0x0000000080000000,0x0000000086993340,0x0000000086a00000)
Event: 46646.058 GC heap after
Heap after GC invocations=14 (full 0):
 PSYoungGen      total 253440K, used 32334K [0x00000000e0000000, 0x00000000f3a00000, 0x0000000100000000)
  eden space 202752K, 0% used [0x00000000e0000000,0x00000000e0000000,0x00000000ec600000)
  from space 50688K, 63% used [0x00000000f0880000,0x00000000f2813828,0x00000000f3a00000)
  to   space 59392K, 0% used [0x00000000ec600000,0x00000000ec600000,0x00000000f0000000)
 ParOldGen       total 349696K, used 74089K [0x00000000a0000000, 0x00000000b5580000, 0x00000000e0000000)
  object space 349696K, 21% used [0x00000000a0000000,0x00000000a485a4f0,0x00000000b5580000)
 PSPermGen       total 108544K, used 108108K [0x0000000080000000, 0x0000000086a00000, 0x00000000a0000000)
  object space 108544K, 99% used [0x0000000080000000,0x0000000086993340,0x0000000086a00000)
}
Event: 46650.138 GC heap before
{Heap before GC invocations=15 (full 0):
 PSYoungGen      total 253440K, used 235086K [0x00000000e0000000, 0x00000000f3a00000, 0x0000000100000000)
  eden space 202752K, 100% used [0x00000000e0000000,0x00000000ec600000,0x00000000ec600000)
  from space 50688K, 63% used [0x00000000f0880000,0x00000000f2813828,0x00000000f3a00000)
  to   space 59392K, 0% used [0x00000000ec600000,0x00000000ec600000,0x00000000f0000000)
 ParOldGen       total 349696K, used 74089K [0x00000000a0000000, 0x00000000b5580000, 0x00000000e0000000)
  object space 349696K, 21% used [0x00000000a0000000,0x00000000a485a4f0,0x00000000b5580000)
 PSPermGen       total 110080K, used 109956K [0x0000000080000000, 0x0000000086b80000, 0x00000000a0000000)
  object space 110080K, 99% used [0x0000000080000000,0x0000000086b61330,0x0000000086b80000)
Event: 46650.146 GC heap after
Heap after GC invocations=15 (full 0):
 PSYoungGen      total 203264K, used 5926K [0x00000000e0000000, 0x00000000f3780000, 0x0000000100000000)
  eden space 197120K, 0% used [0x00000000e0000000,0x00000000e0000000,0x00000000ec080000)
  from space 6144K, 96% used [0x00000000ec600000,0x00000000ecbc9a98,0x00000000ecc00000)
  to   space 60928K, 0% used [0x00000000efc00000,0x00000000efc00000,0x00000000f3780000)
 ParOldGen       total 349696K, used 75497K [0x00000000a0000000, 0x00000000b5580000, 0x00000000e0000000)
  object space 349696K, 21% used [0x00000000a0000000,0x00000000a49ba6e0,0x00000000b5580000)
 PSPermGen       total 110080K, used 109956K [0x0000000080000000, 0x0000000086b80000, 0x00000000a0000000)
  object space 110080K, 99% used [0x0000000080000000,0x0000000086b61330,0x0000000086b80000)
}
Event: 46735.031 GC heap before
{Heap before GC invocations=16 (full 0):
 PSYoungGen      total 203264K, used 203046K [0x00000000e0000000, 0x00000000f3780000, 0x0000000100000000)
  eden space 197120K, 100% used [0x00000000e0000000,0x00000000ec080000,0x00000000ec080000)
  from space 6144K, 96% used [0x00000000ec600000,0x00000000ecbc9a98,0x00000000ecc00000)
  to   space 60928K, 0% used [0x00000000efc00000,0x00000000efc00000,0x00000000f3780000)
 ParOldGen       total 349696K, used 75497K [0x00000000a0000000, 0x00000000b5580000, 0x00000000e0000000)
  object space 349696K, 21% used [0x00000000a0000000,0x00000000a49ba6e0,0x00000000b5580000)
 PSPermGen       total 112128K, used 111733K [0x0000000080000000, 0x0000000086d80000, 0x00000000a0000000)
  object space 112128K, 99% used [0x0000000080000000,0x0000000086d1d508,0x0000000086d80000)
Event: 46735.047 GC heap after
Heap after GC invocations=16 (full 0):
 PSYoungGen      total 246784K, used 10972K [0x00000000e0000000, 0x00000000f3200000, 0x0000000100000000)
  eden space 191488K, 0% used [0x00000000e0000000,0x00000000e0000000,0x00000000ebb00000)
  from space 55296K, 19% used [0x00000000efc00000,0x00000000f06b7220,0x00000000f3200000)
  to   space 60928K, 0% used [0x00000000ebb00000,0x00000000ebb00000,0x00000000ef680000)
 ParOldGen       total 349696K, used 75985K [0x00000000a0000000, 0x00000000b5580000, 0x00000000e0000000)
  object space 349696K, 21% used [0x00000000a0000000,0x00000000a4a346e0,0x00000000b5580000)
 PSPermGen       total 112128K, used 111733K [0x0000000080000000, 0x0000000086d80000, 0x00000000a0000000)
  object space 112128K, 99% used [0x0000000080000000,0x0000000086d1d508,0x0000000086d80000)
}
Event: 47566.271 GC heap before
{Heap before GC invocations=17 (full 0):
 PSYoungGen      total 246784K, used 202460K [0x00000000e0000000, 0x00000000f3200000, 0x0000000100000000)
  eden space 191488K, 100% used [0x00000000e0000000,0x00000000ebb00000,0x00000000ebb00000)
  from space 55296K, 19% used [0x00000000efc00000,0x00000000f06b7220,0x00000000f3200000)
  to   space 60928K, 0% used [0x00000000ebb00000,0x00000000ebb00000,0x00000000ef680000)
 ParOldGen       total 349696K, used 75985K [0x00000000a0000000, 0x00000000b5580000, 0x00000000e0000000)
  object space 349696K, 21% used [0x00000000a0000000,0x00000000a4a346e0,0x00000000b5580000)
 PSPermGen       total 114176K, used 113691K [0x0000000080000000, 0x0000000086f80000, 0x00000000a0000000)
  object space 114176K, 99% used [0x0000000080000000,0x0000000086f06eb8,0x0000000086f80000)
Event: 47566.283 GC heap after
Heap after GC invocations=17 (full 0):
 PSYoungGen      total 191488K, used 5408K [0x00000000e0000000, 0x00000000f2c80000, 0x0000000100000000)
  eden space 185856K, 0% used [0x00000000e0000000,0x00000000e0000000,0x00000000eb580000)
  from space 5632K, 96% used [0x00000000ebb00000,0x00000000ec0480d8,0x00000000ec080000)
  to   space 60928K, 0% used [0x00000000ef100000,0x00000000ef100000,0x00000000f2c80000)
 ParOldGen       total 349696K, used 81889K [0x00000000a0000000, 0x00000000b5580000, 0x00000000e0000000)
  object space 349696K, 23% used [0x00000000a0000000,0x00000000a4ff8740,0x00000000b5580000)
 PSPermGen       total 114176K, used 113691K [0x0000000080000000, 0x0000000086f80000, 0x00000000a0000000)
  object space 114176K, 99% used [0x0000000080000000,0x0000000086f06eb8,0x0000000086f80000)
}

